0 info it worked if it ends with ok
1 verbose cli [ '/usr/bin/nodejs', '/usr/bin/npm', 'install' ]
2 info using npm@3.5.2
3 info using node@v4.2.6
4 silly loadCurrentTree Starting
5 silly install loadCurrentTree
6 silly install readLocalPackageData
7 silly install normalizeTree
8 silly loadCurrentTree Finishing
9 silly loadIdealTree Starting
10 silly install loadIdealTree
11 silly cloneCurrentTree Starting
12 silly install cloneCurrentTreeToIdealTree
13 silly cloneCurrentTree Finishing
14 silly loadShrinkwrap Starting
15 silly install loadShrinkwrap
16 silly loadShrinkwrap Finishing
17 silly loadAllDepsIntoIdealTree Starting
18 silly install loadAllDepsIntoIdealTree
19 silly fetchNamedPackageData oracledb
20 silly mapToRegistry name oracledb
21 silly mapToRegistry using default registry
22 silly mapToRegistry registry https://registry.npmjs.org/
23 silly mapToRegistry uri https://registry.npmjs.org/oracledb
24 verbose request uri https://registry.npmjs.org/oracledb
25 verbose request no auth needed
26 info attempt registry request try #1 at 1:57:12 AM
27 verbose request id ae310dda677b83ff
28 http request GET https://registry.npmjs.org/oracledb
29 http 200 https://registry.npmjs.org/oracledb
30 verbose headers { date: 'Mon, 30 Sep 2019 05:57:13 GMT',
30 verbose headers   'content-type': 'application/json',
30 verbose headers   'transfer-encoding': 'chunked',
30 verbose headers   connection: 'keep-alive',
30 verbose headers   'set-cookie': [ '__cfduid=d833c7f8675800f4ddafd41391a4fec011569823033; expires=Tue, 29-Sep-20 05:57:13 GMT; path=/; domain=.npmjs.org; HttpOnly' ],
30 verbose headers   'cf-cache-status': 'HIT',
30 verbose headers   'cache-control': 'max-age=300',
30 verbose headers   'cf-ray': '51e3f5446f727d91-LIM',
30 verbose headers   age: '203',
30 verbose headers   etag: 'W/"969b0bc4374c874f25d56ee6071a3530"',
30 verbose headers   'expect-ct': 'max-age=604800, report-uri="https://report-uri.cloudflare.com/cdn-cgi/beacon/expect-ct"',
30 verbose headers   'last-modified': 'Mon, 19 Aug 2019 04:18:26 GMT',
30 verbose headers   vary: 'accept-encoding, accept',
30 verbose headers   'x-amz-meta-rev': '98-0896ce6fda40ab55ea877531ff8cdc93',
30 verbose headers   server: 'cloudflare',
30 verbose headers   'content-encoding': 'gzip' }
31 silly get cb [ 200,
31 silly get   { date: 'Mon, 30 Sep 2019 05:57:13 GMT',
31 silly get     'content-type': 'application/json',
31 silly get     'transfer-encoding': 'chunked',
31 silly get     connection: 'keep-alive',
31 silly get     'set-cookie': [ '__cfduid=d833c7f8675800f4ddafd41391a4fec011569823033; expires=Tue, 29-Sep-20 05:57:13 GMT; path=/; domain=.npmjs.org; HttpOnly' ],
31 silly get     'cf-cache-status': 'HIT',
31 silly get     'cache-control': 'max-age=300',
31 silly get     'cf-ray': '51e3f5446f727d91-LIM',
31 silly get     age: '203',
31 silly get     etag: 'W/"969b0bc4374c874f25d56ee6071a3530"',
31 silly get     'expect-ct': 'max-age=604800, report-uri="https://report-uri.cloudflare.com/cdn-cgi/beacon/expect-ct"',
31 silly get     'last-modified': 'Mon, 19 Aug 2019 04:18:26 GMT',
31 silly get     vary: 'accept-encoding, accept',
31 silly get     'x-amz-meta-rev': '98-0896ce6fda40ab55ea877531ff8cdc93',
31 silly get     server: 'cloudflare',
31 silly get     'content-encoding': 'gzip' } ]
32 verbose get saving oracledb to /home/fernando/.npm/registry.npmjs.org/oracledb/.cache.json
33 verbose makeDirectory /home/fernando/.npm creation not in flight; initializing
34 silly makeDirectory /home/fernando/.npm uid: 1000 gid: 1000
35 silly resolveWithNewModule oracledb@4.0.1 checking installable status
36 silly cache add args [ 'oracledb@^4.0.1', null ]
37 verbose cache add spec oracledb@^4.0.1
38 silly cache add parsed spec Result {
38 silly cache add   raw: 'oracledb@^4.0.1',
38 silly cache add   scope: null,
38 silly cache add   name: 'oracledb',
38 silly cache add   rawSpec: '^4.0.1',
38 silly cache add   spec: '>=4.0.1 <5.0.0',
38 silly cache add   type: 'range' }
39 silly addNamed oracledb@>=4.0.1 <5.0.0
40 verbose addNamed ">=4.0.1 <5.0.0" is a valid semver range for oracledb
41 silly addNameRange { name: 'oracledb', range: '>=4.0.1 <5.0.0', hasData: false }
42 silly mapToRegistry name oracledb
43 silly mapToRegistry using default registry
44 silly mapToRegistry registry https://registry.npmjs.org/
45 silly mapToRegistry uri https://registry.npmjs.org/oracledb
46 verbose addNameRange registry:https://registry.npmjs.org/oracledb not in flight; fetching
47 verbose get https://registry.npmjs.org/oracledb not expired, no request
48 silly addNameRange number 2 { name: 'oracledb', range: '>=4.0.1 <5.0.0', hasData: true }
49 silly addNameRange versions [ 'oracledb',
49 silly addNameRange   [ '0.2.4',
49 silly addNameRange     '0.3.1',
49 silly addNameRange     '0.4.1',
49 silly addNameRange     '0.4.2',
49 silly addNameRange     '0.5.0',
49 silly addNameRange     '0.6.0',
49 silly addNameRange     '0.7.0',
49 silly addNameRange     '1.0.0',
49 silly addNameRange     '1.1.0',
49 silly addNameRange     '1.2.0',
49 silly addNameRange     '1.3.0',
49 silly addNameRange     '1.4.0',
49 silly addNameRange     '1.5.0',
49 silly addNameRange     '1.6.0',
49 silly addNameRange     '1.7.0',
49 silly addNameRange     '1.7.1',
49 silly addNameRange     '1.8.0',
49 silly addNameRange     '1.9.1',
49 silly addNameRange     '1.9.2',
49 silly addNameRange     '1.9.3',
49 silly addNameRange     '1.10.0',
49 silly addNameRange     '1.10.1',
49 silly addNameRange     '1.11.0',
49 silly addNameRange     '1.12.2',
49 silly addNameRange     '1.13.0',
49 silly addNameRange     '1.13.1',
49 silly addNameRange     '2.0.14',
49 silly addNameRange     '2.0.15',
49 silly addNameRange     '2.1.0',
49 silly addNameRange     '2.1.1',
49 silly addNameRange     '2.1.2',
49 silly addNameRange     '2.2.0',
49 silly addNameRange     '2.3.0',
49 silly addNameRange     '3.0.0',
49 silly addNameRange     '3.0.1',
49 silly addNameRange     '3.1.0',
49 silly addNameRange     '3.1.1',
49 silly addNameRange     '3.1.2',
49 silly addNameRange     '4.0.0',
49 silly addNameRange     '4.0.1' ] ]
50 silly addNamed oracledb@4.0.1
51 verbose addNamed "4.0.1" is a plain semver version for oracledb
52 silly mapToRegistry name oracledb
53 silly mapToRegistry using default registry
54 silly mapToRegistry registry https://registry.npmjs.org/
55 silly mapToRegistry uri https://registry.npmjs.org/oracledb
56 verbose addRemoteTarball https://registry.npmjs.org/oracledb/-/oracledb-4.0.1.tgz not in flight; adding
57 verbose addRemoteTarball [ 'https://registry.npmjs.org/oracledb/-/oracledb-4.0.1.tgz',
57 verbose addRemoteTarball   '1580be9d932a394bfe9cb5f913dfb41b21849cb8' ]
58 info retry fetch attempt 1 at 1:57:13 AM
59 info attempt registry request try #1 at 1:57:13 AM
60 http fetch GET https://registry.npmjs.org/oracledb/-/oracledb-4.0.1.tgz
61 http fetch 200 https://registry.npmjs.org/oracledb/-/oracledb-4.0.1.tgz
62 silly fetchAndShaCheck shasum 1580be9d932a394bfe9cb5f913dfb41b21849cb8
63 verbose addTmpTarball /tmp/npm-13947-48aae2a8/registry.npmjs.org/oracledb/-/oracledb-4.0.1.tgz not in flight; adding
64 verbose addTmpTarball already have metadata; skipping unpack for oracledb@4.0.1
65 silly cache afterAdd oracledb@4.0.1
66 verbose afterAdd /home/fernando/.npm/oracledb/4.0.1/package/package.json not in flight; writing
67 verbose afterAdd /home/fernando/.npm/oracledb/4.0.1/package/package.json written
68 silly fetchNamedPackageData fsevents
69 silly mapToRegistry name fsevents
70 silly mapToRegistry using default registry
71 silly mapToRegistry registry https://registry.npmjs.org/
72 silly mapToRegistry uri https://registry.npmjs.org/fsevents
73 verbose request uri https://registry.npmjs.org/fsevents
74 verbose request no auth needed
75 info attempt registry request try #1 at 1:57:14 AM
76 http request GET https://registry.npmjs.org/fsevents
77 http 200 https://registry.npmjs.org/fsevents
78 verbose headers { date: 'Mon, 30 Sep 2019 05:57:15 GMT',
78 verbose headers   'content-type': 'application/json',
78 verbose headers   'transfer-encoding': 'chunked',
78 verbose headers   connection: 'keep-alive',
78 verbose headers   'set-cookie': [ '__cfduid=dcfaf5a058df8848d0f1323f01a4dfbc51569823035; expires=Tue, 29-Sep-20 05:57:15 GMT; path=/; domain=.npmjs.org; HttpOnly' ],
78 verbose headers   'cf-cache-status': 'HIT',
78 verbose headers   'cache-control': 'max-age=300',
78 verbose headers   'cf-ray': '51e3f5523bb47dbb-LIM',
78 verbose headers   age: '188',
78 verbose headers   etag: 'W/"ec8d4eb97c775f79ec6d0bc1c3ba6d4f"',
78 verbose headers   'expect-ct': 'max-age=604800, report-uri="https://report-uri.cloudflare.com/cdn-cgi/beacon/expect-ct"',
78 verbose headers   'last-modified': 'Thu, 16 May 2019 13:28:59 GMT',
78 verbose headers   vary: 'accept-encoding, accept',
78 verbose headers   'x-amz-meta-rev': '163-88b33b9d24ebf2da96a4e2240471bf23',
78 verbose headers   server: 'cloudflare',
78 verbose headers   'content-encoding': 'gzip' }
79 silly get cb [ 200,
79 silly get   { date: 'Mon, 30 Sep 2019 05:57:15 GMT',
79 silly get     'content-type': 'application/json',
79 silly get     'transfer-encoding': 'chunked',
79 silly get     connection: 'keep-alive',
79 silly get     'set-cookie': [ '__cfduid=dcfaf5a058df8848d0f1323f01a4dfbc51569823035; expires=Tue, 29-Sep-20 05:57:15 GMT; path=/; domain=.npmjs.org; HttpOnly' ],
79 silly get     'cf-cache-status': 'HIT',
79 silly get     'cache-control': 'max-age=300',
79 silly get     'cf-ray': '51e3f5523bb47dbb-LIM',
79 silly get     age: '188',
79 silly get     etag: 'W/"ec8d4eb97c775f79ec6d0bc1c3ba6d4f"',
79 silly get     'expect-ct': 'max-age=604800, report-uri="https://report-uri.cloudflare.com/cdn-cgi/beacon/expect-ct"',
79 silly get     'last-modified': 'Thu, 16 May 2019 13:28:59 GMT',
79 silly get     vary: 'accept-encoding, accept',
79 silly get     'x-amz-meta-rev': '163-88b33b9d24ebf2da96a4e2240471bf23',
79 silly get     server: 'cloudflare',
79 silly get     'content-encoding': 'gzip' } ]
80 verbose get saving fsevents to /home/fernando/.npm/registry.npmjs.org/fsevents/.cache.json
81 silly resolveWithNewModule fsevents@1.2.9 checking installable status
82 silly loadAllDepsIntoIdealTree Finishing
83 silly idealTree:prePrune proyectobases2@1.0.0
83 silly idealTree:prePrune ├── abbrev@1.1.1
83 silly idealTree:prePrune ├── accepts@1.3.7
83 silly idealTree:prePrune ├── ajv@6.10.2
83 silly idealTree:prePrune ├── ansi-align@2.0.0
83 silly idealTree:prePrune ├── ansi-regex@3.0.0
83 silly idealTree:prePrune ├── ansi-styles@3.2.1
83 silly idealTree:prePrune ├─┬ anymatch@2.0.0
83 silly idealTree:prePrune │ └── normalize-path@2.1.1
83 silly idealTree:prePrune ├── arr-diff@4.0.0
83 silly idealTree:prePrune ├── arr-flatten@1.1.0
83 silly idealTree:prePrune ├── arr-union@3.1.0
83 silly idealTree:prePrune ├── array-flatten@1.1.1
83 silly idealTree:prePrune ├── array-unique@0.3.2
83 silly idealTree:prePrune ├── asn1@0.2.4
83 silly idealTree:prePrune ├── assert-plus@1.0.0
83 silly idealTree:prePrune ├── assign-symbols@1.0.0
83 silly idealTree:prePrune ├── async-each@1.0.3
83 silly idealTree:prePrune ├── asynckit@0.4.0
83 silly idealTree:prePrune ├── atob@2.1.2
83 silly idealTree:prePrune ├── aws-sign2@0.7.0
83 silly idealTree:prePrune ├── aws4@1.8.0
83 silly idealTree:prePrune ├── balanced-match@1.0.0
83 silly idealTree:prePrune ├─┬ base@0.11.2
83 silly idealTree:prePrune │ ├── define-property@1.0.0
83 silly idealTree:prePrune │ ├── is-accessor-descriptor@1.0.0
83 silly idealTree:prePrune │ ├── is-data-descriptor@1.0.0
83 silly idealTree:prePrune │ └── is-descriptor@1.0.2
83 silly idealTree:prePrune ├── bcrypt-pbkdf@1.0.2
83 silly idealTree:prePrune ├── binary-extensions@1.13.1
83 silly idealTree:prePrune ├── body-parser@1.19.0
83 silly idealTree:prePrune ├── boxen@1.3.0
83 silly idealTree:prePrune ├── brace-expansion@1.1.11
83 silly idealTree:prePrune ├─┬ braces@2.3.2
83 silly idealTree:prePrune │ └── extend-shallow@2.0.1
83 silly idealTree:prePrune ├── bytes@3.1.0
83 silly idealTree:prePrune ├── cache-base@1.0.1
83 silly idealTree:prePrune ├── camelcase@4.1.0
83 silly idealTree:prePrune ├── capture-stack-trace@1.0.1
83 silly idealTree:prePrune ├── caseless@0.12.0
83 silly idealTree:prePrune ├── chalk@2.4.2
83 silly idealTree:prePrune ├── chokidar@2.1.8
83 silly idealTree:prePrune ├── ci-info@1.6.0
83 silly idealTree:prePrune ├─┬ class-utils@0.3.6
83 silly idealTree:prePrune │ └── define-property@0.2.5
83 silly idealTree:prePrune ├── cli-boxes@1.0.0
83 silly idealTree:prePrune ├── collection-visit@1.0.0
83 silly idealTree:prePrune ├── color-convert@1.9.3
83 silly idealTree:prePrune ├── color-name@1.1.3
83 silly idealTree:prePrune ├── combined-stream@1.0.8
83 silly idealTree:prePrune ├── component-emitter@1.3.0
83 silly idealTree:prePrune ├── concat-map@0.0.1
83 silly idealTree:prePrune ├── configstore@3.1.2
83 silly idealTree:prePrune ├── content-disposition@0.5.3
83 silly idealTree:prePrune ├── content-type@1.0.4
83 silly idealTree:prePrune ├── cookie-signature@1.0.6
83 silly idealTree:prePrune ├── cookie@0.4.0
83 silly idealTree:prePrune ├── copy-descriptor@0.1.1
83 silly idealTree:prePrune ├── core-util-is@1.0.2
83 silly idealTree:prePrune ├── create-error-class@3.0.2
83 silly idealTree:prePrune ├── cross-spawn@5.1.0
83 silly idealTree:prePrune ├── crypto-random-string@1.0.0
83 silly idealTree:prePrune ├── dashdash@1.14.1
83 silly idealTree:prePrune ├── debug@2.6.9
83 silly idealTree:prePrune ├── decode-uri-component@0.2.0
83 silly idealTree:prePrune ├── deep-extend@0.6.0
83 silly idealTree:prePrune ├─┬ define-property@2.0.2
83 silly idealTree:prePrune │ ├── is-accessor-descriptor@1.0.0
83 silly idealTree:prePrune │ ├── is-data-descriptor@1.0.0
83 silly idealTree:prePrune │ └── is-descriptor@1.0.2
83 silly idealTree:prePrune ├── delayed-stream@1.0.0
83 silly idealTree:prePrune ├── depd@1.1.2
83 silly idealTree:prePrune ├── destroy@1.0.4
83 silly idealTree:prePrune ├── dot-prop@4.2.0
83 silly idealTree:prePrune ├── duplexer3@0.1.4
83 silly idealTree:prePrune ├── ecc-jsbn@0.1.2
83 silly idealTree:prePrune ├── ee-first@1.1.1
83 silly idealTree:prePrune ├── encodeurl@1.0.2
83 silly idealTree:prePrune ├── escape-html@1.0.3
83 silly idealTree:prePrune ├── escape-string-regexp@1.0.5
83 silly idealTree:prePrune ├── etag@1.8.1
83 silly idealTree:prePrune ├── execa@0.7.0
83 silly idealTree:prePrune ├─┬ expand-brackets@2.1.4
83 silly idealTree:prePrune │ ├── define-property@0.2.5
83 silly idealTree:prePrune │ └── extend-shallow@2.0.1
83 silly idealTree:prePrune ├── express@4.17.1
83 silly idealTree:prePrune ├─┬ extend-shallow@3.0.2
83 silly idealTree:prePrune │ └── is-extendable@1.0.1
83 silly idealTree:prePrune ├── extend@3.0.2
83 silly idealTree:prePrune ├─┬ extglob@2.0.4
83 silly idealTree:prePrune │ ├── define-property@1.0.0
83 silly idealTree:prePrune │ ├── extend-shallow@2.0.1
83 silly idealTree:prePrune │ ├── is-accessor-descriptor@1.0.0
83 silly idealTree:prePrune │ ├── is-data-descriptor@1.0.0
83 silly idealTree:prePrune │ └── is-descriptor@1.0.2
83 silly idealTree:prePrune ├── extsprintf@1.3.0
83 silly idealTree:prePrune ├── fast-deep-equal@2.0.1
83 silly idealTree:prePrune ├── fast-json-stable-stringify@2.0.0
83 silly idealTree:prePrune ├─┬ fill-range@4.0.0
83 silly idealTree:prePrune │ └── extend-shallow@2.0.1
83 silly idealTree:prePrune ├── finalhandler@1.1.2
83 silly idealTree:prePrune ├── for-in@1.0.2
83 silly idealTree:prePrune ├── forever-agent@0.6.1
83 silly idealTree:prePrune ├── form-data@2.3.3
83 silly idealTree:prePrune ├── forwarded@0.1.2
83 silly idealTree:prePrune ├── fragment-cache@0.2.1
83 silly idealTree:prePrune ├── fresh@0.5.2
83 silly idealTree:prePrune ├── get-stream@3.0.0
83 silly idealTree:prePrune ├── get-value@2.0.6
83 silly idealTree:prePrune ├── getpass@0.1.7
83 silly idealTree:prePrune ├─┬ glob-parent@3.1.0
83 silly idealTree:prePrune │ └── is-glob@3.1.0
83 silly idealTree:prePrune ├── global-dirs@0.1.1
83 silly idealTree:prePrune ├── got@6.7.1
83 silly idealTree:prePrune ├── graceful-fs@4.2.2
83 silly idealTree:prePrune ├── har-schema@2.0.0
83 silly idealTree:prePrune ├── har-validator@5.1.3
83 silly idealTree:prePrune ├── has-flag@3.0.0
83 silly idealTree:prePrune ├── has-value@1.0.0
83 silly idealTree:prePrune ├─┬ has-values@1.0.0
83 silly idealTree:prePrune │ └── kind-of@4.0.0
83 silly idealTree:prePrune ├── http-errors@1.7.2
83 silly idealTree:prePrune ├── http-signature@1.2.0
83 silly idealTree:prePrune ├── iconv-lite@0.4.24
83 silly idealTree:prePrune ├── ignore-by-default@1.0.1
83 silly idealTree:prePrune ├── import-lazy@2.1.0
83 silly idealTree:prePrune ├── imurmurhash@0.1.4
83 silly idealTree:prePrune ├── inherits@2.0.3
83 silly idealTree:prePrune ├── ini@1.3.5
83 silly idealTree:prePrune ├── ipaddr.js@1.9.0
83 silly idealTree:prePrune ├─┬ is-accessor-descriptor@0.1.6
83 silly idealTree:prePrune │ └── kind-of@3.2.2
83 silly idealTree:prePrune ├── is-binary-path@1.0.1
83 silly idealTree:prePrune ├── is-buffer@1.1.6
83 silly idealTree:prePrune ├── is-ci@1.2.1
83 silly idealTree:prePrune ├─┬ is-data-descriptor@0.1.4
83 silly idealTree:prePrune │ └── kind-of@3.2.2
83 silly idealTree:prePrune ├─┬ is-descriptor@0.1.6
83 silly idealTree:prePrune │ └── kind-of@5.1.0
83 silly idealTree:prePrune ├── is-extendable@0.1.1
83 silly idealTree:prePrune ├── is-extglob@2.1.1
83 silly idealTree:prePrune ├── is-fullwidth-code-point@2.0.0
83 silly idealTree:prePrune ├── is-glob@4.0.1
83 silly idealTree:prePrune ├── is-installed-globally@0.1.0
83 silly idealTree:prePrune ├── is-npm@1.0.0
83 silly idealTree:prePrune ├─┬ is-number@3.0.0
83 silly idealTree:prePrune │ └── kind-of@3.2.2
83 silly idealTree:prePrune ├── is-obj@1.0.1
83 silly idealTree:prePrune ├── is-path-inside@1.0.1
83 silly idealTree:prePrune ├── is-plain-object@2.0.4
83 silly idealTree:prePrune ├── is-redirect@1.0.0
83 silly idealTree:prePrune ├── is-retry-allowed@1.2.0
83 silly idealTree:prePrune ├── is-stream@1.1.0
83 silly idealTree:prePrune ├── is-typedarray@1.0.0
83 silly idealTree:prePrune ├── is-windows@1.0.2
83 silly idealTree:prePrune ├── isarray@1.0.0
83 silly idealTree:prePrune ├── isexe@2.0.0
83 silly idealTree:prePrune ├── isobject@3.0.1
83 silly idealTree:prePrune ├── isstream@0.1.2
83 silly idealTree:prePrune ├── jsbn@0.1.1
83 silly idealTree:prePrune ├── json-schema-traverse@0.4.1
83 silly idealTree:prePrune ├── json-schema@0.2.3
83 silly idealTree:prePrune ├── json-stringify-safe@5.0.1
83 silly idealTree:prePrune ├── jsprim@1.4.1
83 silly idealTree:prePrune ├── kind-of@6.0.2
83 silly idealTree:prePrune ├── latest-version@3.1.0
83 silly idealTree:prePrune ├── lowercase-keys@1.0.1
83 silly idealTree:prePrune ├── lru-cache@4.1.5
83 silly idealTree:prePrune ├── make-dir@1.3.0
83 silly idealTree:prePrune ├── map-cache@0.2.2
83 silly idealTree:prePrune ├── map-visit@1.0.0
83 silly idealTree:prePrune ├── media-typer@0.3.0
83 silly idealTree:prePrune ├── merge-descriptors@1.0.1
83 silly idealTree:prePrune ├── methods@1.1.2
83 silly idealTree:prePrune ├── micromatch@3.1.10
83 silly idealTree:prePrune ├── mime-db@1.40.0
83 silly idealTree:prePrune ├── mime-types@2.1.24
83 silly idealTree:prePrune ├── mime@1.6.0
83 silly idealTree:prePrune ├── minimatch@3.0.4
83 silly idealTree:prePrune ├── minimist@1.2.0
83 silly idealTree:prePrune ├─┬ mixin-deep@1.3.2
83 silly idealTree:prePrune │ └── is-extendable@1.0.1
83 silly idealTree:prePrune ├── ms@2.0.0
83 silly idealTree:prePrune ├── nanomatch@1.2.13
83 silly idealTree:prePrune ├── negotiator@0.6.2
83 silly idealTree:prePrune ├─┬ nodemon@1.19.3
83 silly idealTree:prePrune │ ├── debug@3.2.6
83 silly idealTree:prePrune │ └── ms@2.1.2
83 silly idealTree:prePrune ├── nopt@1.0.10
83 silly idealTree:prePrune ├── normalize-path@3.0.0
83 silly idealTree:prePrune ├── npm-run-path@2.0.2
83 silly idealTree:prePrune ├── oauth-sign@0.9.0
83 silly idealTree:prePrune ├─┬ object-copy@0.1.0
83 silly idealTree:prePrune │ ├── define-property@0.2.5
83 silly idealTree:prePrune │ └── kind-of@3.2.2
83 silly idealTree:prePrune ├── object-visit@1.0.1
83 silly idealTree:prePrune ├── object.pick@1.3.0
83 silly idealTree:prePrune ├── on-finished@2.3.0
83 silly idealTree:prePrune ├── oracledb@4.0.1
83 silly idealTree:prePrune ├── p-finally@1.0.0
83 silly idealTree:prePrune ├── package-json@4.0.1
83 silly idealTree:prePrune ├── parseurl@1.3.3
83 silly idealTree:prePrune ├── pascalcase@0.1.1
83 silly idealTree:prePrune ├── path-dirname@1.0.2
83 silly idealTree:prePrune ├── path-is-absolute@1.0.1
83 silly idealTree:prePrune ├── path-is-inside@1.0.2
83 silly idealTree:prePrune ├── path-key@2.0.1
83 silly idealTree:prePrune ├── path-to-regexp@0.1.7
83 silly idealTree:prePrune ├── performance-now@2.1.0
83 silly idealTree:prePrune ├── pify@3.0.0
83 silly idealTree:prePrune ├── posix-character-classes@0.1.1
83 silly idealTree:prePrune ├── prepend-http@1.0.4
83 silly idealTree:prePrune ├── process-nextick-args@2.0.1
83 silly idealTree:prePrune ├── proxy-addr@2.0.5
83 silly idealTree:prePrune ├── pseudomap@1.0.2
83 silly idealTree:prePrune ├── psl@1.4.0
83 silly idealTree:prePrune ├── pstree.remy@1.1.7
83 silly idealTree:prePrune ├── punycode@2.1.1
83 silly idealTree:prePrune ├── qs@6.7.0
83 silly idealTree:prePrune ├── range-parser@1.2.1
83 silly idealTree:prePrune ├── raw-body@2.4.0
83 silly idealTree:prePrune ├── rc@1.2.8
83 silly idealTree:prePrune ├── readable-stream@2.3.6
83 silly idealTree:prePrune ├── readdirp@2.2.1
83 silly idealTree:prePrune ├── regex-not@1.0.2
83 silly idealTree:prePrune ├── registry-auth-token@3.4.0
83 silly idealTree:prePrune ├── registry-url@3.1.0
83 silly idealTree:prePrune ├── remove-trailing-separator@1.1.0
83 silly idealTree:prePrune ├── repeat-element@1.1.3
83 silly idealTree:prePrune ├── repeat-string@1.6.1
83 silly idealTree:prePrune ├─┬ request@2.88.0
83 silly idealTree:prePrune │ └── qs@6.5.2
83 silly idealTree:prePrune ├── resolve-url@0.2.1
83 silly idealTree:prePrune ├── ret@0.1.15
83 silly idealTree:prePrune ├── safe-buffer@5.1.2
83 silly idealTree:prePrune ├── safe-regex@1.1.0
83 silly idealTree:prePrune ├── safer-buffer@2.1.2
83 silly idealTree:prePrune ├── semver-diff@2.1.0
83 silly idealTree:prePrune ├── semver@5.7.1
83 silly idealTree:prePrune ├─┬ send@0.17.1
83 silly idealTree:prePrune │ └── ms@2.1.1
83 silly idealTree:prePrune ├── serve-static@1.14.1
83 silly idealTree:prePrune ├─┬ set-value@2.0.1
83 silly idealTree:prePrune │ └── extend-shallow@2.0.1
83 silly idealTree:prePrune ├── setprototypeof@1.1.1
83 silly idealTree:prePrune ├── shebang-command@1.2.0
83 silly idealTree:prePrune ├── shebang-regex@1.0.0
83 silly idealTree:prePrune ├── signal-exit@3.0.2
83 silly idealTree:prePrune ├─┬ snapdragon-node@2.1.1
83 silly idealTree:prePrune │ ├── define-property@1.0.0
83 silly idealTree:prePrune │ ├── is-accessor-descriptor@1.0.0
83 silly idealTree:prePrune │ ├── is-data-descriptor@1.0.0
83 silly idealTree:prePrune │ └── is-descriptor@1.0.2
83 silly idealTree:prePrune ├─┬ snapdragon-util@3.0.1
83 silly idealTree:prePrune │ └── kind-of@3.2.2
83 silly idealTree:prePrune ├─┬ snapdragon@0.8.2
83 silly idealTree:prePrune │ ├── define-property@0.2.5
83 silly idealTree:prePrune │ └── extend-shallow@2.0.1
83 silly idealTree:prePrune ├── source-map-resolve@0.5.2
83 silly idealTree:prePrune ├── source-map-url@0.4.0
83 silly idealTree:prePrune ├── source-map@0.5.7
83 silly idealTree:prePrune ├── split-string@3.1.0
83 silly idealTree:prePrune ├── sshpk@1.16.1
83 silly idealTree:prePrune ├─┬ static-extend@0.1.2
83 silly idealTree:prePrune │ └── define-property@0.2.5
83 silly idealTree:prePrune ├── statuses@1.5.0
83 silly idealTree:prePrune ├── string_decoder@1.1.1
83 silly idealTree:prePrune ├── string-width@2.1.1
83 silly idealTree:prePrune ├── strip-ansi@4.0.0
83 silly idealTree:prePrune ├── strip-eof@1.0.0
83 silly idealTree:prePrune ├── strip-json-comments@2.0.1
83 silly idealTree:prePrune ├── supports-color@5.5.0
83 silly idealTree:prePrune ├── term-size@1.2.0
83 silly idealTree:prePrune ├── timed-out@4.0.1
83 silly idealTree:prePrune ├─┬ to-object-path@0.3.0
83 silly idealTree:prePrune │ └── kind-of@3.2.2
83 silly idealTree:prePrune ├── to-regex-range@2.1.1
83 silly idealTree:prePrune ├── to-regex@3.0.2
83 silly idealTree:prePrune ├── toidentifier@1.0.0
83 silly idealTree:prePrune ├── touch@3.1.0
83 silly idealTree:prePrune ├─┬ tough-cookie@2.4.3
83 silly idealTree:prePrune │ └── punycode@1.4.1
83 silly idealTree:prePrune ├── tunnel-agent@0.6.0
83 silly idealTree:prePrune ├── tweetnacl@0.14.5
83 silly idealTree:prePrune ├── type-is@1.6.18
83 silly idealTree:prePrune ├── undefsafe@2.0.2
83 silly idealTree:prePrune ├── union-value@1.0.1
83 silly idealTree:prePrune ├── unique-string@1.0.0
83 silly idealTree:prePrune ├── unpipe@1.0.0
83 silly idealTree:prePrune ├─┬ unset-value@1.0.0
83 silly idealTree:prePrune │ ├─┬ has-value@0.3.1
83 silly idealTree:prePrune │ │ └── isobject@2.1.0
83 silly idealTree:prePrune │ └── has-values@0.1.4
83 silly idealTree:prePrune ├── unzip-response@2.0.1
83 silly idealTree:prePrune ├── upath@1.2.0
83 silly idealTree:prePrune ├── update-notifier@2.5.0
83 silly idealTree:prePrune ├── uri-js@4.2.2
83 silly idealTree:prePrune ├── urix@0.1.0
83 silly idealTree:prePrune ├── url-parse-lax@1.0.0
83 silly idealTree:prePrune ├── use@3.1.1
83 silly idealTree:prePrune ├── util-deprecate@1.0.2
83 silly idealTree:prePrune ├── utils-merge@1.0.1
83 silly idealTree:prePrune ├── uuid@3.3.3
83 silly idealTree:prePrune ├── vary@1.1.2
83 silly idealTree:prePrune ├── verror@1.10.0
83 silly idealTree:prePrune ├── which@1.3.1
83 silly idealTree:prePrune ├── widest-line@2.0.1
83 silly idealTree:prePrune ├── write-file-atomic@2.4.3
83 silly idealTree:prePrune ├── xdg-basedir@3.0.0
83 silly idealTree:prePrune └── yallist@2.1.2
84 silly loadIdealTree Finishing
85 silly currentTree proyectobases2@1.0.0
85 silly currentTree ├── abbrev@1.1.1
85 silly currentTree ├── accepts@1.3.7
85 silly currentTree ├── ajv@6.10.2
85 silly currentTree ├── ansi-align@2.0.0
85 silly currentTree ├── ansi-regex@3.0.0
85 silly currentTree ├── ansi-styles@3.2.1
85 silly currentTree ├─┬ anymatch@2.0.0
85 silly currentTree │ └── normalize-path@2.1.1
85 silly currentTree ├── arr-diff@4.0.0
85 silly currentTree ├── arr-flatten@1.1.0
85 silly currentTree ├── arr-union@3.1.0
85 silly currentTree ├── array-flatten@1.1.1
85 silly currentTree ├── array-unique@0.3.2
85 silly currentTree ├── asn1@0.2.4
85 silly currentTree ├── assert-plus@1.0.0
85 silly currentTree ├── assign-symbols@1.0.0
85 silly currentTree ├── async-each@1.0.3
85 silly currentTree ├── asynckit@0.4.0
85 silly currentTree ├── atob@2.1.2
85 silly currentTree ├── aws-sign2@0.7.0
85 silly currentTree ├── aws4@1.8.0
85 silly currentTree ├── balanced-match@1.0.0
85 silly currentTree ├─┬ base@0.11.2
85 silly currentTree │ ├── define-property@1.0.0
85 silly currentTree │ ├── is-accessor-descriptor@1.0.0
85 silly currentTree │ ├── is-data-descriptor@1.0.0
85 silly currentTree │ └── is-descriptor@1.0.2
85 silly currentTree ├── bcrypt-pbkdf@1.0.2
85 silly currentTree ├── binary-extensions@1.13.1
85 silly currentTree ├── body-parser@1.19.0
85 silly currentTree ├── boxen@1.3.0
85 silly currentTree ├── brace-expansion@1.1.11
85 silly currentTree ├─┬ braces@2.3.2
85 silly currentTree │ └── extend-shallow@2.0.1
85 silly currentTree ├── bytes@3.1.0
85 silly currentTree ├── cache-base@1.0.1
85 silly currentTree ├── camelcase@4.1.0
85 silly currentTree ├── capture-stack-trace@1.0.1
85 silly currentTree ├── caseless@0.12.0
85 silly currentTree ├── chalk@2.4.2
85 silly currentTree ├── chokidar@2.1.8
85 silly currentTree ├── ci-info@1.6.0
85 silly currentTree ├─┬ class-utils@0.3.6
85 silly currentTree │ └── define-property@0.2.5
85 silly currentTree ├── cli-boxes@1.0.0
85 silly currentTree ├── collection-visit@1.0.0
85 silly currentTree ├── color-convert@1.9.3
85 silly currentTree ├── color-name@1.1.3
85 silly currentTree ├── combined-stream@1.0.8
85 silly currentTree ├── component-emitter@1.3.0
85 silly currentTree ├── concat-map@0.0.1
85 silly currentTree ├── configstore@3.1.2
85 silly currentTree ├── content-disposition@0.5.3
85 silly currentTree ├── content-type@1.0.4
85 silly currentTree ├── cookie-signature@1.0.6
85 silly currentTree ├── cookie@0.4.0
85 silly currentTree ├── copy-descriptor@0.1.1
85 silly currentTree ├── core-util-is@1.0.2
85 silly currentTree ├── create-error-class@3.0.2
85 silly currentTree ├── cross-spawn@5.1.0
85 silly currentTree ├── crypto-random-string@1.0.0
85 silly currentTree ├── dashdash@1.14.1
85 silly currentTree ├── debug@2.6.9
85 silly currentTree ├── decode-uri-component@0.2.0
85 silly currentTree ├── deep-extend@0.6.0
85 silly currentTree ├─┬ define-property@2.0.2
85 silly currentTree │ ├── is-accessor-descriptor@1.0.0
85 silly currentTree │ ├── is-data-descriptor@1.0.0
85 silly currentTree │ └── is-descriptor@1.0.2
85 silly currentTree ├── delayed-stream@1.0.0
85 silly currentTree ├── depd@1.1.2
85 silly currentTree ├── destroy@1.0.4
85 silly currentTree ├── dot-prop@4.2.0
85 silly currentTree ├── duplexer3@0.1.4
85 silly currentTree ├── ecc-jsbn@0.1.2
85 silly currentTree ├── ee-first@1.1.1
85 silly currentTree ├── encodeurl@1.0.2
85 silly currentTree ├── escape-html@1.0.3
85 silly currentTree ├── escape-string-regexp@1.0.5
85 silly currentTree ├── etag@1.8.1
85 silly currentTree ├── execa@0.7.0
85 silly currentTree ├─┬ expand-brackets@2.1.4
85 silly currentTree │ ├── define-property@0.2.5
85 silly currentTree │ └── extend-shallow@2.0.1
85 silly currentTree ├── express@4.17.1
85 silly currentTree ├─┬ extend-shallow@3.0.2
85 silly currentTree │ └── is-extendable@1.0.1
85 silly currentTree ├── extend@3.0.2
85 silly currentTree ├─┬ extglob@2.0.4
85 silly currentTree │ ├── define-property@1.0.0
85 silly currentTree │ ├── extend-shallow@2.0.1
85 silly currentTree │ ├── is-accessor-descriptor@1.0.0
85 silly currentTree │ ├── is-data-descriptor@1.0.0
85 silly currentTree │ └── is-descriptor@1.0.2
85 silly currentTree ├── extsprintf@1.3.0
85 silly currentTree ├── fast-deep-equal@2.0.1
85 silly currentTree ├── fast-json-stable-stringify@2.0.0
85 silly currentTree ├─┬ fill-range@4.0.0
85 silly currentTree │ └── extend-shallow@2.0.1
85 silly currentTree ├── finalhandler@1.1.2
85 silly currentTree ├── for-in@1.0.2
85 silly currentTree ├── forever-agent@0.6.1
85 silly currentTree ├── form-data@2.3.3
85 silly currentTree ├── forwarded@0.1.2
85 silly currentTree ├── fragment-cache@0.2.1
85 silly currentTree ├── fresh@0.5.2
85 silly currentTree ├── get-stream@3.0.0
85 silly currentTree ├── get-value@2.0.6
85 silly currentTree ├── getpass@0.1.7
85 silly currentTree ├─┬ glob-parent@3.1.0
85 silly currentTree │ └── is-glob@3.1.0
85 silly currentTree ├── global-dirs@0.1.1
85 silly currentTree ├── got@6.7.1
85 silly currentTree ├── graceful-fs@4.2.2
85 silly currentTree ├── har-schema@2.0.0
85 silly currentTree ├── har-validator@5.1.3
85 silly currentTree ├── has-flag@3.0.0
85 silly currentTree ├── has-value@1.0.0
85 silly currentTree ├─┬ has-values@1.0.0
85 silly currentTree │ └── kind-of@4.0.0
85 silly currentTree ├── http-errors@1.7.2
85 silly currentTree ├── http-signature@1.2.0
85 silly currentTree ├── iconv-lite@0.4.24
85 silly currentTree ├── ignore-by-default@1.0.1
85 silly currentTree ├── import-lazy@2.1.0
85 silly currentTree ├── imurmurhash@0.1.4
85 silly currentTree ├── inherits@2.0.3
85 silly currentTree ├── ini@1.3.5
85 silly currentTree ├── ipaddr.js@1.9.0
85 silly currentTree ├─┬ is-accessor-descriptor@0.1.6
85 silly currentTree │ └── kind-of@3.2.2
85 silly currentTree ├── is-binary-path@1.0.1
85 silly currentTree ├── is-buffer@1.1.6
85 silly currentTree ├── is-ci@1.2.1
85 silly currentTree ├─┬ is-data-descriptor@0.1.4
85 silly currentTree │ └── kind-of@3.2.2
85 silly currentTree ├─┬ is-descriptor@0.1.6
85 silly currentTree │ └── kind-of@5.1.0
85 silly currentTree ├── is-extendable@0.1.1
85 silly currentTree ├── is-extglob@2.1.1
85 silly currentTree ├── is-fullwidth-code-point@2.0.0
85 silly currentTree ├── is-glob@4.0.1
85 silly currentTree ├── is-installed-globally@0.1.0
85 silly currentTree ├── is-npm@1.0.0
85 silly currentTree ├─┬ is-number@3.0.0
85 silly currentTree │ └── kind-of@3.2.2
85 silly currentTree ├── is-obj@1.0.1
85 silly currentTree ├── is-path-inside@1.0.1
85 silly currentTree ├── is-plain-object@2.0.4
85 silly currentTree ├── is-redirect@1.0.0
85 silly currentTree ├── is-retry-allowed@1.2.0
85 silly currentTree ├── is-stream@1.1.0
85 silly currentTree ├── is-typedarray@1.0.0
85 silly currentTree ├── is-windows@1.0.2
85 silly currentTree ├── isarray@1.0.0
85 silly currentTree ├── isexe@2.0.0
85 silly currentTree ├── isobject@3.0.1
85 silly currentTree ├── isstream@0.1.2
85 silly currentTree ├── jsbn@0.1.1
85 silly currentTree ├── json-schema-traverse@0.4.1
85 silly currentTree ├── json-schema@0.2.3
85 silly currentTree ├── json-stringify-safe@5.0.1
85 silly currentTree ├── jsprim@1.4.1
85 silly currentTree ├── kind-of@6.0.2
85 silly currentTree ├── latest-version@3.1.0
85 silly currentTree ├── lowercase-keys@1.0.1
85 silly currentTree ├── lru-cache@4.1.5
85 silly currentTree ├── make-dir@1.3.0
85 silly currentTree ├── map-cache@0.2.2
85 silly currentTree ├── map-visit@1.0.0
85 silly currentTree ├── media-typer@0.3.0
85 silly currentTree ├── merge-descriptors@1.0.1
85 silly currentTree ├── methods@1.1.2
85 silly currentTree ├── micromatch@3.1.10
85 silly currentTree ├── mime-db@1.40.0
85 silly currentTree ├── mime-types@2.1.24
85 silly currentTree ├── mime@1.6.0
85 silly currentTree ├── minimatch@3.0.4
85 silly currentTree ├── minimist@1.2.0
85 silly currentTree ├─┬ mixin-deep@1.3.2
85 silly currentTree │ └── is-extendable@1.0.1
85 silly currentTree ├── ms@2.0.0
85 silly currentTree ├── nanomatch@1.2.13
85 silly currentTree ├── negotiator@0.6.2
85 silly currentTree ├─┬ nodemon@1.19.3
85 silly currentTree │ ├── debug@3.2.6
85 silly currentTree │ └── ms@2.1.2
85 silly currentTree ├── nopt@1.0.10
85 silly currentTree ├── normalize-path@3.0.0
85 silly currentTree ├── npm-run-path@2.0.2
85 silly currentTree ├── oauth-sign@0.9.0
85 silly currentTree ├─┬ object-copy@0.1.0
85 silly currentTree │ ├── define-property@0.2.5
85 silly currentTree │ └── kind-of@3.2.2
85 silly currentTree ├── object-visit@1.0.1
85 silly currentTree ├── object.pick@1.3.0
85 silly currentTree ├── on-finished@2.3.0
85 silly currentTree ├── p-finally@1.0.0
85 silly currentTree ├── package-json@4.0.1
85 silly currentTree ├── parseurl@1.3.3
85 silly currentTree ├── pascalcase@0.1.1
85 silly currentTree ├── path-dirname@1.0.2
85 silly currentTree ├── path-is-absolute@1.0.1
85 silly currentTree ├── path-is-inside@1.0.2
85 silly currentTree ├── path-key@2.0.1
85 silly currentTree ├── path-to-regexp@0.1.7
85 silly currentTree ├── performance-now@2.1.0
85 silly currentTree ├── pify@3.0.0
85 silly currentTree ├── posix-character-classes@0.1.1
85 silly currentTree ├── prepend-http@1.0.4
85 silly currentTree ├── process-nextick-args@2.0.1
85 silly currentTree ├── proxy-addr@2.0.5
85 silly currentTree ├── pseudomap@1.0.2
85 silly currentTree ├── psl@1.4.0
85 silly currentTree ├── pstree.remy@1.1.7
85 silly currentTree ├── punycode@2.1.1
85 silly currentTree ├── qs@6.7.0
85 silly currentTree ├── range-parser@1.2.1
85 silly currentTree ├── raw-body@2.4.0
85 silly currentTree ├── rc@1.2.8
85 silly currentTree ├── readable-stream@2.3.6
85 silly currentTree ├── readdirp@2.2.1
85 silly currentTree ├── regex-not@1.0.2
85 silly currentTree ├── registry-auth-token@3.4.0
85 silly currentTree ├── registry-url@3.1.0
85 silly currentTree ├── remove-trailing-separator@1.1.0
85 silly currentTree ├── repeat-element@1.1.3
85 silly currentTree ├── repeat-string@1.6.1
85 silly currentTree ├─┬ request@2.88.0
85 silly currentTree │ └── qs@6.5.2
85 silly currentTree ├── resolve-url@0.2.1
85 silly currentTree ├── ret@0.1.15
85 silly currentTree ├── safe-buffer@5.1.2
85 silly currentTree ├── safe-regex@1.1.0
85 silly currentTree ├── safer-buffer@2.1.2
85 silly currentTree ├── semver-diff@2.1.0
85 silly currentTree ├── semver@5.7.1
85 silly currentTree ├─┬ send@0.17.1
85 silly currentTree │ └── ms@2.1.1
85 silly currentTree ├── serve-static@1.14.1
85 silly currentTree ├─┬ set-value@2.0.1
85 silly currentTree │ └── extend-shallow@2.0.1
85 silly currentTree ├── setprototypeof@1.1.1
85 silly currentTree ├── shebang-command@1.2.0
85 silly currentTree ├── shebang-regex@1.0.0
85 silly currentTree ├── signal-exit@3.0.2
85 silly currentTree ├─┬ snapdragon-node@2.1.1
85 silly currentTree │ ├── define-property@1.0.0
85 silly currentTree │ ├── is-accessor-descriptor@1.0.0
85 silly currentTree │ ├── is-data-descriptor@1.0.0
85 silly currentTree │ └── is-descriptor@1.0.2
85 silly currentTree ├─┬ snapdragon-util@3.0.1
85 silly currentTree │ └── kind-of@3.2.2
85 silly currentTree ├─┬ snapdragon@0.8.2
85 silly currentTree │ ├── define-property@0.2.5
85 silly currentTree │ └── extend-shallow@2.0.1
85 silly currentTree ├── source-map-resolve@0.5.2
85 silly currentTree ├── source-map-url@0.4.0
85 silly currentTree ├── source-map@0.5.7
85 silly currentTree ├── split-string@3.1.0
85 silly currentTree ├── sshpk@1.16.1
85 silly currentTree ├─┬ static-extend@0.1.2
85 silly currentTree │ └── define-property@0.2.5
85 silly currentTree ├── statuses@1.5.0
85 silly currentTree ├── string_decoder@1.1.1
85 silly currentTree ├── string-width@2.1.1
85 silly currentTree ├── strip-ansi@4.0.0
85 silly currentTree ├── strip-eof@1.0.0
85 silly currentTree ├── strip-json-comments@2.0.1
85 silly currentTree ├── supports-color@5.5.0
85 silly currentTree ├── term-size@1.2.0
85 silly currentTree ├── timed-out@4.0.1
85 silly currentTree ├─┬ to-object-path@0.3.0
85 silly currentTree │ └── kind-of@3.2.2
85 silly currentTree ├── to-regex-range@2.1.1
85 silly currentTree ├── to-regex@3.0.2
85 silly currentTree ├── toidentifier@1.0.0
85 silly currentTree ├── touch@3.1.0
85 silly currentTree ├─┬ tough-cookie@2.4.3
85 silly currentTree │ └── punycode@1.4.1
85 silly currentTree ├── tunnel-agent@0.6.0
85 silly currentTree ├── tweetnacl@0.14.5
85 silly currentTree ├── type-is@1.6.18
85 silly currentTree ├── undefsafe@2.0.2
85 silly currentTree ├── union-value@1.0.1
85 silly currentTree ├── unique-string@1.0.0
85 silly currentTree ├── unpipe@1.0.0
85 silly currentTree ├─┬ unset-value@1.0.0
85 silly currentTree │ ├─┬ has-value@0.3.1
85 silly currentTree │ │ └── isobject@2.1.0
85 silly currentTree │ └── has-values@0.1.4
85 silly currentTree ├── unzip-response@2.0.1
85 silly currentTree ├── upath@1.2.0
85 silly currentTree ├── update-notifier@2.5.0
85 silly currentTree ├── uri-js@4.2.2
85 silly currentTree ├── urix@0.1.0
85 silly currentTree ├── url-parse-lax@1.0.0
85 silly currentTree ├── use@3.1.1
85 silly currentTree ├── util-deprecate@1.0.2
85 silly currentTree ├── utils-merge@1.0.1
85 silly currentTree ├── uuid@3.3.3
85 silly currentTree ├── vary@1.1.2
85 silly currentTree ├── verror@1.10.0
85 silly currentTree ├── which@1.3.1
85 silly currentTree ├── widest-line@2.0.1
85 silly currentTree ├── write-file-atomic@2.4.3
85 silly currentTree ├── xdg-basedir@3.0.0
85 silly currentTree └── yallist@2.1.2
86 silly idealTree proyectobases2@1.0.0
86 silly idealTree ├── abbrev@1.1.1
86 silly idealTree ├── accepts@1.3.7
86 silly idealTree ├── ajv@6.10.2
86 silly idealTree ├── ansi-align@2.0.0
86 silly idealTree ├── ansi-regex@3.0.0
86 silly idealTree ├── ansi-styles@3.2.1
86 silly idealTree ├─┬ anymatch@2.0.0
86 silly idealTree │ └── normalize-path@2.1.1
86 silly idealTree ├── arr-diff@4.0.0
86 silly idealTree ├── arr-flatten@1.1.0
86 silly idealTree ├── arr-union@3.1.0
86 silly idealTree ├── array-flatten@1.1.1
86 silly idealTree ├── array-unique@0.3.2
86 silly idealTree ├── asn1@0.2.4
86 silly idealTree ├── assert-plus@1.0.0
86 silly idealTree ├── assign-symbols@1.0.0
86 silly idealTree ├── async-each@1.0.3
86 silly idealTree ├── asynckit@0.4.0
86 silly idealTree ├── atob@2.1.2
86 silly idealTree ├── aws-sign2@0.7.0
86 silly idealTree ├── aws4@1.8.0
86 silly idealTree ├── balanced-match@1.0.0
86 silly idealTree ├─┬ base@0.11.2
86 silly idealTree │ ├── define-property@1.0.0
86 silly idealTree │ ├── is-accessor-descriptor@1.0.0
86 silly idealTree │ ├── is-data-descriptor@1.0.0
86 silly idealTree │ └── is-descriptor@1.0.2
86 silly idealTree ├── bcrypt-pbkdf@1.0.2
86 silly idealTree ├── binary-extensions@1.13.1
86 silly idealTree ├── body-parser@1.19.0
86 silly idealTree ├── boxen@1.3.0
86 silly idealTree ├── brace-expansion@1.1.11
86 silly idealTree ├─┬ braces@2.3.2
86 silly idealTree │ └── extend-shallow@2.0.1
86 silly idealTree ├── bytes@3.1.0
86 silly idealTree ├── cache-base@1.0.1
86 silly idealTree ├── camelcase@4.1.0
86 silly idealTree ├── capture-stack-trace@1.0.1
86 silly idealTree ├── caseless@0.12.0
86 silly idealTree ├── chalk@2.4.2
86 silly idealTree ├── chokidar@2.1.8
86 silly idealTree ├── ci-info@1.6.0
86 silly idealTree ├─┬ class-utils@0.3.6
86 silly idealTree │ └── define-property@0.2.5
86 silly idealTree ├── cli-boxes@1.0.0
86 silly idealTree ├── collection-visit@1.0.0
86 silly idealTree ├── color-convert@1.9.3
86 silly idealTree ├── color-name@1.1.3
86 silly idealTree ├── combined-stream@1.0.8
86 silly idealTree ├── component-emitter@1.3.0
86 silly idealTree ├── concat-map@0.0.1
86 silly idealTree ├── configstore@3.1.2
86 silly idealTree ├── content-disposition@0.5.3
86 silly idealTree ├── content-type@1.0.4
86 silly idealTree ├── cookie-signature@1.0.6
86 silly idealTree ├── cookie@0.4.0
86 silly idealTree ├── copy-descriptor@0.1.1
86 silly idealTree ├── core-util-is@1.0.2
86 silly idealTree ├── create-error-class@3.0.2
86 silly idealTree ├── cross-spawn@5.1.0
86 silly idealTree ├── crypto-random-string@1.0.0
86 silly idealTree ├── dashdash@1.14.1
86 silly idealTree ├── debug@2.6.9
86 silly idealTree ├── decode-uri-component@0.2.0
86 silly idealTree ├── deep-extend@0.6.0
86 silly idealTree ├─┬ define-property@2.0.2
86 silly idealTree │ ├── is-accessor-descriptor@1.0.0
86 silly idealTree │ ├── is-data-descriptor@1.0.0
86 silly idealTree │ └── is-descriptor@1.0.2
86 silly idealTree ├── delayed-stream@1.0.0
86 silly idealTree ├── depd@1.1.2
86 silly idealTree ├── destroy@1.0.4
86 silly idealTree ├── dot-prop@4.2.0
86 silly idealTree ├── duplexer3@0.1.4
86 silly idealTree ├── ecc-jsbn@0.1.2
86 silly idealTree ├── ee-first@1.1.1
86 silly idealTree ├── encodeurl@1.0.2
86 silly idealTree ├── escape-html@1.0.3
86 silly idealTree ├── escape-string-regexp@1.0.5
86 silly idealTree ├── etag@1.8.1
86 silly idealTree ├── execa@0.7.0
86 silly idealTree ├─┬ expand-brackets@2.1.4
86 silly idealTree │ ├── define-property@0.2.5
86 silly idealTree │ └── extend-shallow@2.0.1
86 silly idealTree ├── express@4.17.1
86 silly idealTree ├─┬ extend-shallow@3.0.2
86 silly idealTree │ └── is-extendable@1.0.1
86 silly idealTree ├── extend@3.0.2
86 silly idealTree ├─┬ extglob@2.0.4
86 silly idealTree │ ├── define-property@1.0.0
86 silly idealTree │ ├── extend-shallow@2.0.1
86 silly idealTree │ ├── is-accessor-descriptor@1.0.0
86 silly idealTree │ ├── is-data-descriptor@1.0.0
86 silly idealTree │ └── is-descriptor@1.0.2
86 silly idealTree ├── extsprintf@1.3.0
86 silly idealTree ├── fast-deep-equal@2.0.1
86 silly idealTree ├── fast-json-stable-stringify@2.0.0
86 silly idealTree ├─┬ fill-range@4.0.0
86 silly idealTree │ └── extend-shallow@2.0.1
86 silly idealTree ├── finalhandler@1.1.2
86 silly idealTree ├── for-in@1.0.2
86 silly idealTree ├── forever-agent@0.6.1
86 silly idealTree ├── form-data@2.3.3
86 silly idealTree ├── forwarded@0.1.2
86 silly idealTree ├── fragment-cache@0.2.1
86 silly idealTree ├── fresh@0.5.2
86 silly idealTree ├── get-stream@3.0.0
86 silly idealTree ├── get-value@2.0.6
86 silly idealTree ├── getpass@0.1.7
86 silly idealTree ├─┬ glob-parent@3.1.0
86 silly idealTree │ └── is-glob@3.1.0
86 silly idealTree ├── global-dirs@0.1.1
86 silly idealTree ├── got@6.7.1
86 silly idealTree ├── graceful-fs@4.2.2
86 silly idealTree ├── har-schema@2.0.0
86 silly idealTree ├── har-validator@5.1.3
86 silly idealTree ├── has-flag@3.0.0
86 silly idealTree ├── has-value@1.0.0
86 silly idealTree ├─┬ has-values@1.0.0
86 silly idealTree │ └── kind-of@4.0.0
86 silly idealTree ├── http-errors@1.7.2
86 silly idealTree ├── http-signature@1.2.0
86 silly idealTree ├── iconv-lite@0.4.24
86 silly idealTree ├── ignore-by-default@1.0.1
86 silly idealTree ├── import-lazy@2.1.0
86 silly idealTree ├── imurmurhash@0.1.4
86 silly idealTree ├── inherits@2.0.3
86 silly idealTree ├── ini@1.3.5
86 silly idealTree ├── ipaddr.js@1.9.0
86 silly idealTree ├─┬ is-accessor-descriptor@0.1.6
86 silly idealTree │ └── kind-of@3.2.2
86 silly idealTree ├── is-binary-path@1.0.1
86 silly idealTree ├── is-buffer@1.1.6
86 silly idealTree ├── is-ci@1.2.1
86 silly idealTree ├─┬ is-data-descriptor@0.1.4
86 silly idealTree │ └── kind-of@3.2.2
86 silly idealTree ├─┬ is-descriptor@0.1.6
86 silly idealTree │ └── kind-of@5.1.0
86 silly idealTree ├── is-extendable@0.1.1
86 silly idealTree ├── is-extglob@2.1.1
86 silly idealTree ├── is-fullwidth-code-point@2.0.0
86 silly idealTree ├── is-glob@4.0.1
86 silly idealTree ├── is-installed-globally@0.1.0
86 silly idealTree ├── is-npm@1.0.0
86 silly idealTree ├─┬ is-number@3.0.0
86 silly idealTree │ └── kind-of@3.2.2
86 silly idealTree ├── is-obj@1.0.1
86 silly idealTree ├── is-path-inside@1.0.1
86 silly idealTree ├── is-plain-object@2.0.4
86 silly idealTree ├── is-redirect@1.0.0
86 silly idealTree ├── is-retry-allowed@1.2.0
86 silly idealTree ├── is-stream@1.1.0
86 silly idealTree ├── is-typedarray@1.0.0
86 silly idealTree ├── is-windows@1.0.2
86 silly idealTree ├── isarray@1.0.0
86 silly idealTree ├── isexe@2.0.0
86 silly idealTree ├── isobject@3.0.1
86 silly idealTree ├── isstream@0.1.2
86 silly idealTree ├── jsbn@0.1.1
86 silly idealTree ├── json-schema-traverse@0.4.1
86 silly idealTree ├── json-schema@0.2.3
86 silly idealTree ├── json-stringify-safe@5.0.1
86 silly idealTree ├── jsprim@1.4.1
86 silly idealTree ├── kind-of@6.0.2
86 silly idealTree ├── latest-version@3.1.0
86 silly idealTree ├── lowercase-keys@1.0.1
86 silly idealTree ├── lru-cache@4.1.5
86 silly idealTree ├── make-dir@1.3.0
86 silly idealTree ├── map-cache@0.2.2
86 silly idealTree ├── map-visit@1.0.0
86 silly idealTree ├── media-typer@0.3.0
86 silly idealTree ├── merge-descriptors@1.0.1
86 silly idealTree ├── methods@1.1.2
86 silly idealTree ├── micromatch@3.1.10
86 silly idealTree ├── mime-db@1.40.0
86 silly idealTree ├── mime-types@2.1.24
86 silly idealTree ├── mime@1.6.0
86 silly idealTree ├── minimatch@3.0.4
86 silly idealTree ├── minimist@1.2.0
86 silly idealTree ├─┬ mixin-deep@1.3.2
86 silly idealTree │ └── is-extendable@1.0.1
86 silly idealTree ├── ms@2.0.0
86 silly idealTree ├── nanomatch@1.2.13
86 silly idealTree ├── negotiator@0.6.2
86 silly idealTree ├─┬ nodemon@1.19.3
86 silly idealTree │ ├── debug@3.2.6
86 silly idealTree │ └── ms@2.1.2
86 silly idealTree ├── nopt@1.0.10
86 silly idealTree ├── normalize-path@3.0.0
86 silly idealTree ├── npm-run-path@2.0.2
86 silly idealTree ├── oauth-sign@0.9.0
86 silly idealTree ├─┬ object-copy@0.1.0
86 silly idealTree │ ├── define-property@0.2.5
86 silly idealTree │ └── kind-of@3.2.2
86 silly idealTree ├── object-visit@1.0.1
86 silly idealTree ├── object.pick@1.3.0
86 silly idealTree ├── on-finished@2.3.0
86 silly idealTree ├── oracledb@4.0.1
86 silly idealTree ├── p-finally@1.0.0
86 silly idealTree ├── package-json@4.0.1
86 silly idealTree ├── parseurl@1.3.3
86 silly idealTree ├── pascalcase@0.1.1
86 silly idealTree ├── path-dirname@1.0.2
86 silly idealTree ├── path-is-absolute@1.0.1
86 silly idealTree ├── path-is-inside@1.0.2
86 silly idealTree ├── path-key@2.0.1
86 silly idealTree ├── path-to-regexp@0.1.7
86 silly idealTree ├── performance-now@2.1.0
86 silly idealTree ├── pify@3.0.0
86 silly idealTree ├── posix-character-classes@0.1.1
86 silly idealTree ├── prepend-http@1.0.4
86 silly idealTree ├── process-nextick-args@2.0.1
86 silly idealTree ├── proxy-addr@2.0.5
86 silly idealTree ├── pseudomap@1.0.2
86 silly idealTree ├── psl@1.4.0
86 silly idealTree ├── pstree.remy@1.1.7
86 silly idealTree ├── punycode@2.1.1
86 silly idealTree ├── qs@6.7.0
86 silly idealTree ├── range-parser@1.2.1
86 silly idealTree ├── raw-body@2.4.0
86 silly idealTree ├── rc@1.2.8
86 silly idealTree ├── readable-stream@2.3.6
86 silly idealTree ├── readdirp@2.2.1
86 silly idealTree ├── regex-not@1.0.2
86 silly idealTree ├── registry-auth-token@3.4.0
86 silly idealTree ├── registry-url@3.1.0
86 silly idealTree ├── remove-trailing-separator@1.1.0
86 silly idealTree ├── repeat-element@1.1.3
86 silly idealTree ├── repeat-string@1.6.1
86 silly idealTree ├─┬ request@2.88.0
86 silly idealTree │ └── qs@6.5.2
86 silly idealTree ├── resolve-url@0.2.1
86 silly idealTree ├── ret@0.1.15
86 silly idealTree ├── safe-buffer@5.1.2
86 silly idealTree ├── safe-regex@1.1.0
86 silly idealTree ├── safer-buffer@2.1.2
86 silly idealTree ├── semver-diff@2.1.0
86 silly idealTree ├── semver@5.7.1
86 silly idealTree ├─┬ send@0.17.1
86 silly idealTree │ └── ms@2.1.1
86 silly idealTree ├── serve-static@1.14.1
86 silly idealTree ├─┬ set-value@2.0.1
86 silly idealTree │ └── extend-shallow@2.0.1
86 silly idealTree ├── setprototypeof@1.1.1
86 silly idealTree ├── shebang-command@1.2.0
86 silly idealTree ├── shebang-regex@1.0.0
86 silly idealTree ├── signal-exit@3.0.2
86 silly idealTree ├─┬ snapdragon-node@2.1.1
86 silly idealTree │ ├── define-property@1.0.0
86 silly idealTree │ ├── is-accessor-descriptor@1.0.0
86 silly idealTree │ ├── is-data-descriptor@1.0.0
86 silly idealTree │ └── is-descriptor@1.0.2
86 silly idealTree ├─┬ snapdragon-util@3.0.1
86 silly idealTree │ └── kind-of@3.2.2
86 silly idealTree ├─┬ snapdragon@0.8.2
86 silly idealTree │ ├── define-property@0.2.5
86 silly idealTree │ └── extend-shallow@2.0.1
86 silly idealTree ├── source-map-resolve@0.5.2
86 silly idealTree ├── source-map-url@0.4.0
86 silly idealTree ├── source-map@0.5.7
86 silly idealTree ├── split-string@3.1.0
86 silly idealTree ├── sshpk@1.16.1
86 silly idealTree ├─┬ static-extend@0.1.2
86 silly idealTree │ └── define-property@0.2.5
86 silly idealTree ├── statuses@1.5.0
86 silly idealTree ├── string_decoder@1.1.1
86 silly idealTree ├── string-width@2.1.1
86 silly idealTree ├── strip-ansi@4.0.0
86 silly idealTree ├── strip-eof@1.0.0
86 silly idealTree ├── strip-json-comments@2.0.1
86 silly idealTree ├── supports-color@5.5.0
86 silly idealTree ├── term-size@1.2.0
86 silly idealTree ├── timed-out@4.0.1
86 silly idealTree ├─┬ to-object-path@0.3.0
86 silly idealTree │ └── kind-of@3.2.2
86 silly idealTree ├── to-regex-range@2.1.1
86 silly idealTree ├── to-regex@3.0.2
86 silly idealTree ├── toidentifier@1.0.0
86 silly idealTree ├── touch@3.1.0
86 silly idealTree ├─┬ tough-cookie@2.4.3
86 silly idealTree │ └── punycode@1.4.1
86 silly idealTree ├── tunnel-agent@0.6.0
86 silly idealTree ├── tweetnacl@0.14.5
86 silly idealTree ├── type-is@1.6.18
86 silly idealTree ├── undefsafe@2.0.2
86 silly idealTree ├── union-value@1.0.1
86 silly idealTree ├── unique-string@1.0.0
86 silly idealTree ├── unpipe@1.0.0
86 silly idealTree ├─┬ unset-value@1.0.0
86 silly idealTree │ ├─┬ has-value@0.3.1
86 silly idealTree │ │ └── isobject@2.1.0
86 silly idealTree │ └── has-values@0.1.4
86 silly idealTree ├── unzip-response@2.0.1
86 silly idealTree ├── upath@1.2.0
86 silly idealTree ├── update-notifier@2.5.0
86 silly idealTree ├── uri-js@4.2.2
86 silly idealTree ├── urix@0.1.0
86 silly idealTree ├── url-parse-lax@1.0.0
86 silly idealTree ├── use@3.1.1
86 silly idealTree ├── util-deprecate@1.0.2
86 silly idealTree ├── utils-merge@1.0.1
86 silly idealTree ├── uuid@3.3.3
86 silly idealTree ├── vary@1.1.2
86 silly idealTree ├── verror@1.10.0
86 silly idealTree ├── which@1.3.1
86 silly idealTree ├── widest-line@2.0.1
86 silly idealTree ├── write-file-atomic@2.4.3
86 silly idealTree ├── xdg-basedir@3.0.0
86 silly idealTree └── yallist@2.1.2
87 silly generateActionsToTake Starting
88 silly install generateActionsToTake
89 silly generateActionsToTake Finishing
90 silly diffTrees action count 1
91 silly diffTrees add oracledb@4.0.1
92 silly decomposeActions action count 8
93 silly decomposeActions fetch oracledb@4.0.1
94 silly decomposeActions extract oracledb@4.0.1
95 silly decomposeActions test oracledb@4.0.1
96 silly decomposeActions preinstall oracledb@4.0.1
97 silly decomposeActions build oracledb@4.0.1
98 silly decomposeActions install oracledb@4.0.1
99 silly decomposeActions postinstall oracledb@4.0.1
100 silly decomposeActions finalize oracledb@4.0.1
101 silly executeActions Starting
102 silly install executeActions
103 silly doSerial global-install 0
104 silly doParallel fetch 1
105 verbose makeDirectory /home/fernando/.npm/_locks creation not in flight; initializing
106 silly makeDirectory /home/fernando/.npm/_locks uid: 1000 gid: 1000
107 verbose lock using /home/fernando/.npm/_locks/staging-2eac1aa9df4d1416.lock for /home/fernando/proyectobases2/node_modules/.staging
108 silly doParallel extract 1
109 silly extract oracledb@4.0.1
110 verbose unbuild node_modules/.staging/oracledb-f7923568
111 silly gentlyRm /home/fernando/proyectobases2/node_modules/.staging/oracledb-f7923568 is being purged from base /home/fernando/proyectobases2
112 verbose gentlyRm don't care about contents; nuking /home/fernando/proyectobases2/node_modules/.staging/oracledb-f7923568
113 verbose tar unpack /home/fernando/.npm/oracledb/4.0.1/package.tgz
114 verbose tar unpacking to /home/fernando/proyectobases2/node_modules/.staging/oracledb-f7923568
115 silly gentlyRm /home/fernando/proyectobases2/node_modules/.staging/oracledb-f7923568 is being purged
116 verbose gentlyRm don't care about contents; nuking /home/fernando/proyectobases2/node_modules/.staging/oracledb-f7923568
117 silly gunzTarPerm modes [ '755', '644' ]
118 silly gunzTarPerm extractEntry package.json
119 silly gunzTarPerm extractEntry CHANGELOG.md
120 silly gunzTarPerm extractEntry index.js
121 silly gunzTarPerm extractEntry LICENSE.md
122 silly gunzTarPerm extractEntry README.md
123 silly gunzTarPerm extractEntry build/Release/oracledb-4.0.1-darwin-x64.node
124 silly gunzTarPerm extractEntry build/Release/oracledb-4.0.1-darwin-x64.node-buildinfo.txt
125 silly gunzTarPerm extractEntry build/Release/oracledb-4.0.1-linux-x64.node
126 silly gunzTarPerm extractEntry build/Release/oracledb-4.0.1-linux-x64.node-buildinfo.txt
127 silly gunzTarPerm extractEntry build/Release/oracledb-4.0.1-win32-x64.node
128 silly gunzTarPerm extractEntry build/Release/oracledb-4.0.1-win32-x64.node-buildinfo.txt
129 silly gunzTarPerm extractEntry lib/aqDeqOptions.js
130 silly gunzTarPerm extractEntry lib/aqEnqOptions.js
131 silly gunzTarPerm extractEntry lib/aqMessage.js
132 silly gunzTarPerm extractEntry lib/aqQueue.js
133 silly gunzTarPerm extractEntry lib/connection.js
134 silly gunzTarPerm extractEntry lib/dbObject.js
135 silly gunzTarPerm extractEntry lib/lob.js
136 silly gunzTarPerm extractEntry lib/oracledb.js
137 silly gunzTarPerm extractEntry lib/pool.js
138 silly gunzTarPerm extractEntry lib/querystream.js
139 silly gunzTarPerm extractEntry lib/resultset.js
140 silly gunzTarPerm extractEntry lib/sodaCollection.js
141 silly gunzTarPerm extractEntry lib/sodaDatabase.js
142 silly gunzTarPerm extractEntry lib/sodaDocCursor.js
143 silly gunzTarPerm extractEntry lib/sodaDocument.js
144 silly gunzTarPerm extractEntry lib/sodaOperation.js
145 silly gunzTarPerm extractEntry lib/util.js
146 silly gunzTarPerm extractEntry package/install.js
147 silly gunzTarPerm extractEntry package/prunebinaries.js
148 silly gunzTarPerm extractEntry package/README.md
149 silly gentlyRm /home/fernando/proyectobases2/node_modules/.staging/oracledb-f7923568/node_modules is being purged
150 verbose gentlyRm don't care about contents; nuking /home/fernando/proyectobases2/node_modules/.staging/oracledb-f7923568/node_modules
151 silly doParallel preinstall 1
152 silly preinstall oracledb@4.0.1 /home/fernando/proyectobases2/node_modules/.staging/oracledb-f7923568
153 info lifecycle oracledb@4.0.1~preinstall: oracledb@4.0.1
154 silly lifecycle oracledb@4.0.1~preinstall: no script for preinstall, continuing
155 silly doReverseSerial remove 0
156 silly doSerial move 0
157 silly doSerial finalize 1
158 silly finalize /home/fernando/proyectobases2/node_modules/oracledb
159 silly doSerial build 1
160 silly build oracledb@4.0.1
161 info linkStuff oracledb@4.0.1
162 silly linkStuff oracledb@4.0.1 has /home/fernando/proyectobases2/node_modules as its parent node_modules
163 verbose linkBins oracledb@4.0.1
164 verbose linkMans oracledb@4.0.1
165 silly doSerial global-link 0
166 silly doParallel update-linked 0
167 silly doSerial install 1
168 silly install oracledb@4.0.1 /home/fernando/proyectobases2/node_modules/.staging/oracledb-f7923568
169 info lifecycle oracledb@4.0.1~install: oracledb@4.0.1
170 verbose lifecycle oracledb@4.0.1~install: unsafe-perm in lifecycle false
171 verbose lifecycle oracledb@4.0.1~install: PATH: /usr/share/npm/bin/node-gyp-bin:/home/fernando/proyectobases2/node_modules/oracledb/node_modules/.bin:/home/fernando/proyectobases2/node_modules/.bin:/u01/app/oracle/product/11.2.0/xe/bin:/usr/lib/jvm/java-8-openjdk-amd64/bin:/usr/local/sbin:/usr/local/bin:/usr/sbin:/usr/bin:/sbin:/bin
172 verbose lifecycle oracledb@4.0.1~install: CWD: /home/fernando/proyectobases2/node_modules/oracledb
173 silly lifecycle oracledb@4.0.1~install: Args: [ '-c', 'node package/install.js' ]
174 info lifecycle oracledb@4.0.1~install: Failed to exec install script
175 verbose unlock done using /home/fernando/.npm/_locks/staging-2eac1aa9df4d1416.lock for /home/fernando/proyectobases2/node_modules/.staging
176 silly rollbackFailedOptional Starting
177 silly rollbackFailedOptional Finishing
178 silly runTopLevelLifecycles Starting
179 silly runTopLevelLifecycles Finishing
180 silly install printInstalled
181 warn optional Skipping failed optional dependency /chokidar/fsevents:
182 warn notsup Not compatible with your operating system or architecture: fsevents@1.2.9
183 verbose stack Error: oracledb@4.0.1 install: `node package/install.js`
183 verbose stack spawn ENOENT
183 verbose stack     at ChildProcess.<anonymous> (/usr/share/npm/lib/utils/spawn.js:17:16)
183 verbose stack     at emitTwo (events.js:87:13)
183 verbose stack     at ChildProcess.emit (events.js:172:7)
183 verbose stack     at maybeClose (internal/child_process.js:821:16)
183 verbose stack     at Process.ChildProcess._handle.onexit (internal/child_process.js:211:5)
184 verbose pkgid oracledb@4.0.1
185 verbose cwd /home/fernando/proyectobases2
186 error Linux 4.4.0-21-generic
187 error argv "/usr/bin/nodejs" "/usr/bin/npm" "install"
188 error node v4.2.6
189 error npm  v3.5.2
190 error file sh
191 error code ELIFECYCLE
192 error errno ENOENT
193 error syscall spawn
194 error oracledb@4.0.1 install: `node package/install.js`
194 error spawn ENOENT
195 error Failed at the oracledb@4.0.1 install script 'node package/install.js'.
195 error Make sure you have the latest version of node.js and npm installed.
195 error If you do, this is most likely a problem with the oracledb package,
195 error not with npm itself.
195 error Tell the author that this fails on your system:
195 error     node package/install.js
195 error You can get information on how to open an issue for this project with:
195 error     npm bugs oracledb
195 error Or if that isn't available, you can get their info via:
195 error     npm owner ls oracledb
195 error There is likely additional logging output above.
196 verbose exit [ 1, true ]
